<?xml version="1.0" encoding="UTF-8"?>
<!-- Generated by org.testng.reporters.JUnitReportReporter -->
<testsuite hostname="Abi" failures="0" tests="1" name="testing.Googletest" time="15.302" errors="0" timestamp="2020-03-04T10:27:51 MST" skipped="0">
  <testcase classname="testing.Googletest" name="googlesearch" time="15.302"/>
</testsuite> <!-- testing.Googletest -->
