<?xml version="1.0" encoding="UTF-8"?>
<!-- Generated by org.testng.reporters.JUnitReportReporter -->
<testsuite hostname="Abi" failures="0" tests="1" name="testing.Testingpage" time="9.060" errors="0" timestamp="2020-03-05T20:59:52 MST" skipped="0">
  <testcase classname="testing.Testingpage" name="filldata" time="9.060"/>
</testsuite> <!-- testing.Testingpage -->
