<?xml version="1.0" encoding="UTF-8"?>
<!-- Generated by org.testng.reporters.JUnitReportReporter -->
<testsuite hostname="Abi" failures="0" tests="1" name="testUtil.ReadXL" time="0.949" errors="0" timestamp="2020-03-06T10:21:08 MST" skipped="0">
  <testcase classname="testUtil.ReadXL" name="readXLFile" time="0.949"/>
</testsuite> <!-- testUtil.ReadXL -->
