<?xml version="1.0" encoding="UTF-8"?>
<!-- Generated by org.testng.reporters.JUnitReportReporter -->
<testsuite hostname="Abi" failures="0" tests="1" name="com.linkedin.testcase.loginTestcase" time="13.693" errors="0" timestamp="2020-04-29T20:43:17 MST" skipped="0">
  <testcase classname="com.linkedin.testcase.loginTestcase" name="OrangeHRMLogin" time="13.693"/>
</testsuite> <!-- com.linkedin.testcase.loginTestcase -->
