<?xml version="1.0" encoding="UTF-8"?>
<!-- Generated by org.testng.reporters.JUnitReportReporter -->
<testsuite hostname="Abi" failures="0" tests="2" name="com.testcases.AdminSearchTC" time="27.662" errors="0" timestamp="2020-05-26T13:58:33 MST" skipped="0">
  <testcase classname="com.testcases.AdminSearchTC" name="AdminSearch" time="15.116"/>
  <testcase classname="com.testcases.AdminSearchTC" name="AddSearch" time="12.546"/>
</testsuite> <!-- com.testcases.AdminSearchTC -->
